{"E:\\WebDevelopmentCourse\\ReactCourse_Namastedev\\src\\components\\Body.js": {"path":"E:\\WebDevelopmentCourse\\ReactCourse_Namastedev\\src\\components\\Body.js","statementMap":{"0":{"start":{"line":14,"column":13},"end":{"line":79,"column":1}},"1":{"start":{"line":17,"column":40},"end":{"line":17,"column":52}},"2":{"start":{"line":18,"column":48},"end":{"line":18,"column":60}},"3":{"start":{"line":19,"column":58},"end":{"line":19,"column":70}},"4":{"start":{"line":22,"column":39},"end":{"line":22,"column":62}},"5":{"start":{"line":24,"column":31},"end":{"line":24,"column":53}},"6":{"start":{"line":25,"column":4},"end":{"line":28,"column":28}},"7":{"start":{"line":26,"column":8},"end":{"line":26,"column":46}},"8":{"start":{"line":27,"column":8},"end":{"line":27,"column":51}},"9":{"start":{"line":31,"column":21},"end":{"line":31,"column":32}},"10":{"start":{"line":33,"column":4},"end":{"line":34,"column":76}},"11":{"start":{"line":34,"column":8},"end":{"line":34,"column":76}},"12":{"start":{"line":40,"column":4},"end":{"line":41,"column":20}},"13":{"start":{"line":41,"column":8},"end":{"line":41,"column":20}},"14":{"start":{"line":43,"column":4},"end":{"line":77,"column":5}},"15":{"start":{"line":47,"column":20},"end":{"line":47,"column":49}},"16":{"start":{"line":50,"column":41},"end":{"line":50,"column":79}},"17":{"start":{"line":51,"column":20},"end":{"line":51,"column":57}},"18":{"start":{"line":54,"column":125},"end":{"line":57,"column":22}},"19":{"start":{"line":66,"column":20},"end":{"line":71,"column":21}}},"fnMap":{"0":{"name":"(anonymous_0)","decl":{"start":{"line":14,"column":13},"end":{"line":14,"column":14}},"loc":{"start":{"line":14,"column":18},"end":{"line":79,"column":1}},"line":14},"1":{"name":"(anonymous_1)","decl":{"start":{"line":25,"column":14},"end":{"line":25,"column":15}},"loc":{"start":{"line":25,"column":18},"end":{"line":28,"column":5}},"line":25},"2":{"name":"(anonymous_2)","decl":{"start":{"line":46,"column":151},"end":{"line":46,"column":152}},"loc":{"start":{"line":46,"column":158},"end":{"line":48,"column":17}},"line":46},"3":{"name":"(anonymous_3)","decl":{"start":{"line":49,"column":142},"end":{"line":49,"column":143}},"loc":{"start":{"line":49,"column":146},"end":{"line":52,"column":17}},"line":49},"4":{"name":"(anonymous_4)","decl":{"start":{"line":54,"column":120},"end":{"line":54,"column":121}},"loc":{"start":{"line":54,"column":125},"end":{"line":57,"column":22}},"line":54},"5":{"name":"(anonymous_5)","decl":{"start":{"line":65,"column":124},"end":{"line":65,"column":125}},"loc":{"start":{"line":65,"column":138},"end":{"line":72,"column":17}},"line":65}},"branchMap":{"0":{"loc":{"start":{"line":33,"column":4},"end":{"line":34,"column":76}},"type":"if","locations":[{"start":{"line":33,"column":4},"end":{"line":34,"column":76}},{"start":{},"end":{}}],"line":33},"1":{"loc":{"start":{"line":40,"column":4},"end":{"line":41,"column":20}},"type":"if","locations":[{"start":{"line":40,"column":4},"end":{"line":41,"column":20}},{"start":{},"end":{}}],"line":40},"2":{"loc":{"start":{"line":43,"column":11},"end":{"line":77,"column":5}},"type":"cond-expr","locations":[{"start":{"line":43,"column":43},"end":{"line":43,"column":53}},{"start":{"line":44,"column":8},"end":{"line":75,"column":11}}],"line":43},"3":{"loc":{"start":{"line":65,"column":18},"end":{"line":72,"column":19}},"type":"cond-expr","locations":[{"start":{"line":65,"column":54},"end":{"line":65,"column":95}},{"start":{"line":65,"column":100},"end":{"line":72,"column":18}}],"line":65}},"s":{"0":1,"1":13,"2":12,"3":12,"4":12,"5":12,"6":12,"7":5,"8":5,"9":12,"10":12,"11":0,"12":12,"13":0,"14":12,"15":1,"16":1,"17":1,"18":0,"19":50},"f":{"0":13,"1":5,"2":1,"3":1,"4":0,"5":50},"b":{"0":[0,12],"1":[0,12],"2":[8,4],"3":[0,4]},"_coverageSchema":"1a1c01bbd47fc00a2c39e90264f33305004495a9","hash":"2b26bc61ffb9c3e2c90723cc600923b9f26b4f4e"}
,"E:\\WebDevelopmentCourse\\ReactCourse_Namastedev\\src\\components\\Cart.js": {"path":"E:\\WebDevelopmentCourse\\ReactCourse_Namastedev\\src\\components\\Cart.js","statementMap":{"0":{"start":{"line":5,"column":13},"end":{"line":27,"column":1}},"1":{"start":{"line":7,"column":22},"end":{"line":7,"column":60}},"2":{"start":{"line":7,"column":43},"end":{"line":7,"column":59}},"3":{"start":{"line":9,"column":21},"end":{"line":9,"column":34}},"4":{"start":{"line":11,"column":28},"end":{"line":13,"column":5}},"5":{"start":{"line":12,"column":8},"end":{"line":12,"column":30}},"6":{"start":{"line":15,"column":4},"end":{"line":26,"column":5}},"7":{"start":{"line":17,"column":71},"end":{"line":17,"column":88}},"8":{"start":{"line":20,"column":37},"end":{"line":20,"column":72}}},"fnMap":{"0":{"name":"(anonymous_0)","decl":{"start":{"line":5,"column":13},"end":{"line":5,"column":14}},"loc":{"start":{"line":5,"column":19},"end":{"line":27,"column":1}},"line":5},"1":{"name":"(anonymous_1)","decl":{"start":{"line":7,"column":34},"end":{"line":7,"column":35}},"loc":{"start":{"line":7,"column":43},"end":{"line":7,"column":59}},"line":7},"2":{"name":"(anonymous_2)","decl":{"start":{"line":11,"column":28},"end":{"line":11,"column":29}},"loc":{"start":{"line":11,"column":34},"end":{"line":13,"column":5}},"line":11},"3":{"name":"(anonymous_3)","decl":{"start":{"line":17,"column":67},"end":{"line":17,"column":68}},"loc":{"start":{"line":17,"column":71},"end":{"line":17,"column":88}},"line":17},"4":{"name":"(anonymous_4)","decl":{"start":{"line":20,"column":31},"end":{"line":20,"column":32}},"loc":{"start":{"line":20,"column":37},"end":{"line":20,"column":72}},"line":20}},"branchMap":{},"s":{"0":1,"1":4,"2":7,"3":4,"4":4,"5":0,"6":4,"7":0,"8":6},"f":{"0":4,"1":7,"2":0,"3":0,"4":6},"b":{},"_coverageSchema":"1a1c01bbd47fc00a2c39e90264f33305004495a9","hash":"fd8d8ca11ff8ee628dd43ca0259d83cb1fc7e9d8"}
,"E:\\WebDevelopmentCourse\\ReactCourse_Namastedev\\src\\components\\Header.js": {"path":"E:\\WebDevelopmentCourse\\ReactCourse_Namastedev\\src\\components\\Header.js","statementMap":{"0":{"start":{"line":9,"column":14},"end":{"line":19,"column":1}},"1":{"start":{"line":10,"column":4},"end":{"line":18,"column":5}},"2":{"start":{"line":21,"column":15},"end":{"line":54,"column":1}},"3":{"start":{"line":23,"column":40},"end":{"line":23,"column":50}},"4":{"start":{"line":25,"column":21},"end":{"line":25,"column":32}},"5":{"start":{"line":27,"column":26},"end":{"line":27,"column":49}},"6":{"start":{"line":29,"column":22},"end":{"line":29,"column":60}},"7":{"start":{"line":29,"column":43},"end":{"line":29,"column":59}},"8":{"start":{"line":31,"column":4},"end":{"line":53,"column":5}},"9":{"start":{"line":49,"column":109},"end":{"line":49,"column":129}},"10":{"start":{"line":49,"column":233},"end":{"line":49,"column":252}}},"fnMap":{"0":{"name":"(anonymous_0)","decl":{"start":{"line":9,"column":14},"end":{"line":9,"column":15}},"loc":{"start":{"line":9,"column":20},"end":{"line":19,"column":1}},"line":9},"1":{"name":"(anonymous_1)","decl":{"start":{"line":21,"column":15},"end":{"line":21,"column":16}},"loc":{"start":{"line":21,"column":21},"end":{"line":54,"column":1}},"line":21},"2":{"name":"(anonymous_2)","decl":{"start":{"line":29,"column":34},"end":{"line":29,"column":35}},"loc":{"start":{"line":29,"column":43},"end":{"line":29,"column":59}},"line":29},"3":{"name":"(anonymous_3)","decl":{"start":{"line":49,"column":105},"end":{"line":49,"column":106}},"loc":{"start":{"line":49,"column":109},"end":{"line":49,"column":129}},"line":49},"4":{"name":"(anonymous_4)","decl":{"start":{"line":49,"column":229},"end":{"line":49,"column":230}},"loc":{"start":{"line":49,"column":233},"end":{"line":49,"column":252}},"line":49}},"branchMap":{"0":{"loc":{"start":{"line":45,"column":61},"end":{"line":45,"column":82}},"type":"cond-expr","locations":[{"start":{"line":45,"column":72},"end":{"line":45,"column":75}},{"start":{"line":45,"column":78},"end":{"line":45,"column":82}}],"line":45},"1":{"loc":{"start":{"line":49,"column":13},"end":{"line":49,"column":269}},"type":"cond-expr","locations":[{"start":{"line":49,"column":27},"end":{"line":49,"column":146}},{"start":{"line":49,"column":151},"end":{"line":49,"column":268}}],"line":49}},"s":{"0":2,"1":7,"2":2,"3":7,"4":7,"5":7,"6":7,"7":10,"8":7,"9":0,"10":0},"f":{"0":7,"1":7,"2":10,"3":0,"4":0},"b":{"0":[7,0],"1":[0,7]},"_coverageSchema":"1a1c01bbd47fc00a2c39e90264f33305004495a9","hash":"68258b0c6b4493c9d9f49dd9a6605ef83451d5b9"}
,"E:\\WebDevelopmentCourse\\ReactCourse_Namastedev\\src\\components\\RestaurantMenu.js": {"path":"E:\\WebDevelopmentCourse\\ReactCourse_Namastedev\\src\\components\\RestaurantMenu.js","statementMap":{"0":{"start":{"line":9,"column":21},"end":{"line":49,"column":1}},"1":{"start":{"line":11,"column":20},"end":{"line":11,"column":31}},"2":{"start":{"line":15,"column":23},"end":{"line":15,"column":47}},"3":{"start":{"line":17,"column":21},"end":{"line":17,"column":34}},"4":{"start":{"line":20,"column":8},"end":{"line":20,"column":32}},"5":{"start":{"line":24,"column":8},"end":{"line":24,"column":33}},"6":{"start":{"line":27,"column":4},"end":{"line":47,"column":5}},"7":{"start":{"line":42,"column":69},"end":{"line":42,"column":336}},"8":{"start":{"line":42,"column":161},"end":{"line":42,"column":178}},"9":{"start":{"line":42,"column":294},"end":{"line":42,"column":314}}},"fnMap":{"0":{"name":"(anonymous_0)","decl":{"start":{"line":9,"column":21},"end":{"line":9,"column":22}},"loc":{"start":{"line":9,"column":25},"end":{"line":49,"column":1}},"line":9},"1":{"name":"addFoodItem","decl":{"start":{"line":19,"column":13},"end":{"line":19,"column":24}},"loc":{"start":{"line":19,"column":30},"end":{"line":21,"column":5}},"line":19},"2":{"name":"removeItems","decl":{"start":{"line":23,"column":13},"end":{"line":23,"column":24}},"loc":{"start":{"line":23,"column":28},"end":{"line":25,"column":5}},"line":23},"3":{"name":"(anonymous_3)","decl":{"start":{"line":42,"column":60},"end":{"line":42,"column":61}},"loc":{"start":{"line":42,"column":69},"end":{"line":42,"column":336}},"line":42},"4":{"name":"(anonymous_4)","decl":{"start":{"line":42,"column":157},"end":{"line":42,"column":158}},"loc":{"start":{"line":42,"column":161},"end":{"line":42,"column":178}},"line":42},"5":{"name":"(anonymous_5)","decl":{"start":{"line":42,"column":290},"end":{"line":42,"column":291}},"loc":{"start":{"line":42,"column":294},"end":{"line":42,"column":314}},"line":42}},"branchMap":{"0":{"loc":{"start":{"line":27,"column":11},"end":{"line":47,"column":5}},"type":"cond-expr","locations":[{"start":{"line":27,"column":26},"end":{"line":27,"column":36}},{"start":{"line":28,"column":8},"end":{"line":46,"column":14}}],"line":27}},"s":{"0":1,"1":2,"2":2,"3":2,"4":3,"5":0,"6":2,"7":96,"8":3,"9":0},"f":{"0":2,"1":3,"2":0,"3":96,"4":3,"5":0},"b":{"0":[1,1]},"_coverageSchema":"1a1c01bbd47fc00a2c39e90264f33305004495a9","hash":"e7be58ac4bc9fb9b3a474184317bc4eb48af1833"}
,"E:\\WebDevelopmentCourse\\ReactCourse_Namastedev\\src\\components\\Shimmer.js": {"path":"E:\\WebDevelopmentCourse\\ReactCourse_Namastedev\\src\\components\\Shimmer.js","statementMap":{"0":{"start":{"line":3,"column":16},"end":{"line":16,"column":1}},"1":{"start":{"line":4,"column":4},"end":{"line":12,"column":5}},"2":{"start":{"line":6,"column":47},"end":{"line":8,"column":18}}},"fnMap":{"0":{"name":"(anonymous_0)","decl":{"start":{"line":3,"column":16},"end":{"line":3,"column":17}},"loc":{"start":{"line":3,"column":21},"end":{"line":16,"column":1}},"line":3},"1":{"name":"(anonymous_1)","decl":{"start":{"line":6,"column":36},"end":{"line":6,"column":37}},"loc":{"start":{"line":6,"column":47},"end":{"line":8,"column":18}},"line":6}},"branchMap":{},"s":{"0":2,"1":9,"2":90},"f":{"0":9,"1":90},"b":{},"_coverageSchema":"1a1c01bbd47fc00a2c39e90264f33305004495a9","hash":"7af96e69ce6685306db0b209a7efe00743fe7315"}
,"E:\\WebDevelopmentCourse\\ReactCourse_Namastedev\\src\\utils\\MockRestaurantMenuData.js": {"path":"E:\\WebDevelopmentCourse\\ReactCourse_Namastedev\\src\\utils\\MockRestaurantMenuData.js","statementMap":{"0":{"start":{"line":1,"column":25},"end":{"line":1,"column":129164}}},"fnMap":{},"branchMap":{},"s":{"0":1},"f":{},"b":{},"_coverageSchema":"1a1c01bbd47fc00a2c39e90264f33305004495a9","hash":"d4457d287576e477fd50a80d4abff53a79ce7783"}
,"E:\\WebDevelopmentCourse\\ReactCourse_Namastedev\\src\\utils\\MockRestaurantdata.js": {"path":"E:\\WebDevelopmentCourse\\ReactCourse_Namastedev\\src\\utils\\MockRestaurantdata.js","statementMap":{"0":{"start":{"line":1,"column":31},"end":{"line":1,"column":45403}}},"fnMap":{},"branchMap":{},"s":{"0":1},"f":{},"b":{},"_coverageSchema":"1a1c01bbd47fc00a2c39e90264f33305004495a9","hash":"224e26af00d0b7c0f0d4b61b4e874dce485a9458"}
,"E:\\WebDevelopmentCourse\\ReactCourse_Namastedev\\src\\utils\\store.js": {"path":"E:\\WebDevelopmentCourse\\ReactCourse_Namastedev\\src\\utils\\store.js","statementMap":{"0":{"start":{"line":4,"column":14},"end":{"line":8,"column":2}}},"fnMap":{},"branchMap":{},"s":{"0":3},"f":{},"b":{},"_coverageSchema":"1a1c01bbd47fc00a2c39e90264f33305004495a9","hash":"be72140510d1b3b55591b94771ae7cd236c742ac"}
}
