TN:
SF:src\components\Body.js
FN:14,(anonymous_0)
FN:25,(anonymous_1)
FN:46,(anonymous_2)
FN:49,(anonymous_3)
FN:54,(anonymous_4)
FN:65,(anonymous_5)
FNF:6
FNH:5
FNDA:13,(anonymous_0)
FNDA:5,(anonymous_1)
FNDA:1,(anonymous_2)
FNDA:1,(anonymous_3)
FNDA:0,(anonymous_4)
FNDA:50,(anonymous_5)
DA:14,1
DA:17,13
DA:18,12
DA:19,12
DA:22,12
DA:24,12
DA:25,12
DA:26,5
DA:27,5
DA:31,12
DA:33,12
DA:34,0
DA:40,12
DA:41,0
DA:43,12
DA:47,1
DA:50,1
DA:51,1
DA:54,0
DA:66,50
LF:20
LH:17
BRDA:33,0,0,0
BRDA:33,0,1,12
BRDA:40,1,0,0
BRDA:40,1,1,12
BRDA:43,2,0,8
BRDA:43,2,1,4
BRDA:65,3,0,0
BRDA:65,3,1,4
BRF:8
BRH:5
end_of_record
TN:
SF:src\components\Cart.js
FN:5,(anonymous_0)
FN:7,(anonymous_1)
FN:11,(anonymous_2)
FN:17,(anonymous_3)
FN:20,(anonymous_4)
FNF:5
FNH:3
FNDA:4,(anonymous_0)
FNDA:7,(anonymous_1)
FNDA:0,(anonymous_2)
FNDA:0,(anonymous_3)
FNDA:6,(anonymous_4)
DA:5,1
DA:7,7
DA:9,4
DA:11,4
DA:12,0
DA:15,4
DA:17,0
DA:20,6
LF:8
LH:6
BRF:0
BRH:0
end_of_record
TN:
SF:src\components\Header.js
FN:9,(anonymous_0)
FN:21,(anonymous_1)
FN:29,(anonymous_2)
FN:49,(anonymous_3)
FN:49,(anonymous_4)
FNF:5
FNH:3
FNDA:7,(anonymous_0)
FNDA:7,(anonymous_1)
FNDA:10,(anonymous_2)
FNDA:0,(anonymous_3)
FNDA:0,(anonymous_4)
DA:9,2
DA:10,7
DA:21,2
DA:23,7
DA:25,7
DA:27,7
DA:29,10
DA:31,7
DA:49,0
LF:9
LH:8
BRDA:45,0,0,7
BRDA:45,0,1,0
BRDA:49,1,0,0
BRDA:49,1,1,7
BRF:4
BRH:2
end_of_record
TN:
SF:src\components\RestaurantMenu.js
FN:9,(anonymous_0)
FN:19,addFoodItem
FN:23,removeItems
FN:42,(anonymous_3)
FN:42,(anonymous_4)
FN:42,(anonymous_5)
FNF:6
FNH:4
FNDA:2,(anonymous_0)
FNDA:3,addFoodItem
FNDA:0,removeItems
FNDA:96,(anonymous_3)
FNDA:3,(anonymous_4)
FNDA:0,(anonymous_5)
DA:9,1
DA:11,2
DA:15,2
DA:17,2
DA:20,3
DA:24,0
DA:27,2
DA:42,96
LF:8
LH:7
BRDA:27,0,0,1
BRDA:27,0,1,1
BRF:2
BRH:2
end_of_record
TN:
SF:src\components\Shimmer.js
FN:3,(anonymous_0)
FN:6,(anonymous_1)
FNF:2
FNH:2
FNDA:9,(anonymous_0)
FNDA:90,(anonymous_1)
DA:3,2
DA:4,9
DA:6,90
LF:3
LH:3
BRF:0
BRH:0
end_of_record
TN:
SF:src\utils\MockRestaurantMenuData.js
FNF:0
FNH:0
DA:1,1
LF:1
LH:1
BRF:0
BRH:0
end_of_record
TN:
SF:src\utils\MockRestaurantdata.js
FNF:0
FNH:0
DA:1,1
LF:1
LH:1
BRF:0
BRH:0
end_of_record
TN:
SF:src\utils\store.js
FNF:0
FNH:0
DA:4,3
LF:1
LH:1
BRF:0
BRH:0
end_of_record
